1591569912743	mozrunner::runner	INFO	Running command: "C:\\Program Files\\Mozilla Firefox\\firefox.exe" "-marionette" "-foreground" "-no-remote" "-profile" "C:\\Users\\SAMIR~1.JAI\\AppData\\Local\\Temp\\rust_mozprofile4xCPxd"
JavaScript error: resource://gre/modules/XULStore.jsm, line 66: Error: Can't find profile directory.
1591569914640	Marionette	INFO	Listening on port 51572
1591569914906	Marionette	WARN	TLS certificate errors will be ignored for this session
JavaScript error: , line 0: uncaught exception: undefined
JavaScript error: , line 0: TypeError: 'abort' called on an object that does not implement interface XMLHttpRequest.
1591570018020	Marionette	INFO	Stopped listening on port 51572

###!!! [Child][RunMessage] Error: Channel closing: too late to send/recv, messages will be lost


###!!! [Child][MessageChannel::SendAndWait] Error: Channel error: cannot send/recv

1592418833701	mozrunner::runner	INFO	Running command: "C:\\Program Files\\Mozilla Firefox\\firefox.exe" "-marionette" "-foreground" "-no-remote" "-profile" "C:\\Users\\SAMIR~1.JAI\\AppData\\Local\\Temp\\rust_mozprofileBjRfha"
JavaScript error: resource://gre/modules/XULStore.jsm, line 66: Error: Can't find profile directory.
1592418835277	Marionette	INFO	Listening on port 64998
1592418835321	Marionette	WARN	TLS certificate errors will be ignored for this session
JavaScript error: , line 0: uncaught exception: undefined
1592418860594	Marionette	INFO	Stopped listening on port 64998

###!!! [Child][MessageChannel::SendAndWait] Error: Channel error: cannot send/recv

1592855079249	mozrunner::runner	INFO	Running command: "C:\\Program Files\\Mozilla Firefox\\firefox.exe" "-marionette" "-foreground" "-no-remote" "-profile" "C:\\Users\\SAMIR~1.JAI\\AppData\\Local\\Temp\\rust_mozprofile7XoP1T"
JavaScript error: resource://gre/modules/XULStore.jsm, line 66: Error: Can't find profile directory.
1592855080814	Marionette	INFO	Listening on port 51007
1592855080861	Marionette	WARN	TLS certificate errors will be ignored for this session
JavaScript error: , line 0: uncaught exception: undefined
1592855132459	Marionette	INFO	Stopped listening on port 51007

###!!! [Child][MessageChannel::SendAndWait] Error: Channel error: cannot send/recv

1593132224023	mozrunner::runner	INFO	Running command: "C:\\Program Files\\Mozilla Firefox\\firefox.exe" "-marionette" "-foreground" "-no-remote" "-profile" "C:\\Users\\SAMIR~1.JAI\\AppData\\Local\\Temp\\rust_mozprofilenRgY77"
JavaScript error: resource://gre/modules/XULStore.jsm, line 66: Error: Can't find profile directory.
1593132226666	Marionette	INFO	Listening on port 60187
1593132226779	Marionette	WARN	TLS certificate errors will be ignored for this session
1593132276849	Marionette	INFO	Stopped listening on port 60187

###!!! [Child][RunMessage] Error: Channel closing: too late to send/recv, messages will be lost


###!!! [Child][MessageChannel::SendAndWait] Error: Channel error: cannot send/recv

1593132282637	mozrunner::runner	INFO	Running command: "C:\\Program Files\\Mozilla Firefox\\firefox.exe" "-marionette" "-foreground" "-no-remote" "-profile" "C:\\Users\\SAMIR~1.JAI\\AppData\\Local\\Temp\\rust_mozprofile6jf5Ot"
JavaScript error: resource://gre/modules/XULStore.jsm, line 66: Error: Can't find profile directory.
1593132284173	Marionette	INFO	Listening on port 60252
1593132284251	Marionette	WARN	TLS certificate errors will be ignored for this session
JavaScript error: , line 0: uncaught exception: undefined

###!!! [Child][MessageChannel] Error: (msgtype=0x6A0029,name=PNecko::Msg_RemoveRequestContext) Channel closing: too late to send/recv, messages will be lost

1593132448740	Marionette	INFO	Stopped listening on port 60252

###!!! [Child][RunMessage] Error: Channel closing: too late to send/recv, messages will be lost


###!!! [Child][MessageChannel::SendAndWait] Error: Channel error: cannot send/recv

1593210657928	mozrunner::runner	INFO	Running command: "C:\\Program Files\\Mozilla Firefox\\firefox.exe" "-marionette" "-foreground" "-no-remote" "-profile" "C:\\Users\\SAMIR~1.JAI\\AppData\\Local\\Temp\\rust_mozprofileobm00o"
JavaScript error: resource://gre/modules/XULStore.jsm, line 66: Error: Can't find profile directory.
1593210660605	Marionette	INFO	Listening on port 65511
1593210660672	Marionette	WARN	TLS certificate errors will be ignored for this session
JavaScript error: , line 0: uncaught exception: undefined
1593210830939	Marionette	INFO	Stopped listening on port 65511

###!!! [Child][RunMessage] Error: Channel closing: too late to send/recv, messages will be lost


###!!! [Child][MessageChannel::SendAndWait] Error: Channel error: cannot send/recv

1593549032438	mozrunner::runner	INFO	Running command: "C:\\Program Files\\Mozilla Firefox\\firefox.exe" "-marionette" "-foreground" "-no-remote" "-profile" "C:\\Users\\SAMIR~1.JAI\\AppData\\Local\\Temp\\rust_mozprofile3dREdd"
JavaScript error: resource://gre/modules/XULStore.jsm, line 66: Error: Can't find profile directory.
1593549036205	Marionette	INFO	Listening on port 52530
1593549036326	Marionette	WARN	TLS certificate errors will be ignored for this session
JavaScript error: , line 0: uncaught exception: undefined
[Child 16060, Chrome_ChildThread] WARNING: pipe error: 232: file /builds/worker/checkouts/gecko/ipc/chromium/src/chrome/common/ipc_channel_win.cc, line 522
[Child 16060, Chrome_ChildThread] WARNING: pipe error: 232: file /builds/worker/checkouts/gecko/ipc/chromium/src/chrome/common/ipc_channel_win.cc, line 522
1593549080447	Marionette	INFO	Stopped listening on port 52530

###!!! [Child][MessageChannel::SendAndWait] Error: Channel error: cannot send/recv

1593806439612	mozrunner::runner	INFO	Running command: "C:\\Program Files\\Mozilla Firefox\\firefox.exe" "-marionette" "-foreground" "-no-remote" "-profile" "C:\\Users\\SAMIR~1.JAI\\AppData\\Local\\Temp\\rust_mozprofileWeSyXt"
JavaScript error: resource://gre/modules/XULStore.jsm, line 66: Error: Can't find profile directory.
1593806444003	Marionette	INFO	Listening on port 58396
1593806444088	Marionette	WARN	TLS certificate errors will be ignored for this session
1593806480447	Marionette	INFO	Stopped listening on port 58396

###!!! [Child][RunMessage] Error: Channel closing: too late to send/recv, messages will be lost


###!!! [Child][MessageChannel::SendAndWait] Error: Channel error: cannot send/recv

1593899354952	mozrunner::runner	INFO	Running command: "C:\\Program Files\\Mozilla Firefox\\firefox.exe" "-marionette" "-foreground" "-no-remote" "-profile" "C:\\Users\\SAMIR~1.JAI\\AppData\\Local\\Temp\\rust_mozprofileDHiysW"
JavaScript error: resource://gre/modules/XULStore.jsm, line 66: Error: Can't find profile directory.
1593899360229	Marionette	INFO	Listening on port 55217
1593899360500	Marionette	WARN	TLS certificate errors will be ignored for this session
1593899397997	Marionette	INFO	Stopped listening on port 55217

###!!! [Child][MessageChannel::SendAndWait] Error: Channel error: cannot send/recv

